app/build/intermediates/manifest_merge_blame_file/debug/manifest-merger-blame-debug-report.txt
1<?xml version="1.0" encoding="utf-8"?>
2<manifest xmlns:android="http://schemas.android.com/apk/res/android"
3    package="com.raywenderlich.android.drinkit"
4    android:versionCode="1"
5    android:versionName="1.0" >
6
7    <uses-sdk
8        android:minSdkVersion="19"
8-->src\main\AndroidManifest.xml
9        android:targetSdkVersion="29" />
9-->src\main\AndroidManifest.xml
10
11    <!-- Although the *SdkVersion is captured in gradle build files, this is required for non gradle builds -->
12    <!-- <uses-sdk android:minSdkVersion="14"/> -->
13    <uses-permission android:name="android.permission.ACCESS_NETWORK_STATE" />
13-->[com.google.android.datatransport:transport-backend-cct:2.3.3] AndroidManifest.xml:25:5-79
13-->[com.google.android.datatransport:transport-backend-cct:2.3.3] AndroidManifest.xml:25:22-76
14    <uses-permission android:name="android.permission.INTERNET" />
14-->[com.google.android.datatransport:transport-backend-cct:2.3.3] AndroidManifest.xml:26:5-67
14-->[com.google.android.datatransport:transport-backend-cct:2.3.3] AndroidManifest.xml:26:22-64
15    <uses-permission android:name="android.permission.WAKE_LOCK" /> <!-- Required by older versions of Google Play services to create IID tokens -->
15-->[com.google.firebase:firebase-iid:21.0.1] AndroidManifest.xml:24:5-68
15-->[com.google.firebase:firebase-iid:21.0.1] AndroidManifest.xml:24:22-65
16    <uses-permission android:name="com.google.android.c2dm.permission.RECEIVE" />
16-->[com.google.firebase:firebase-iid:21.0.1] AndroidManifest.xml:26:5-82
16-->[com.google.firebase:firebase-iid:21.0.1] AndroidManifest.xml:26:22-79
17    <uses-permission android:name="com.google.android.finsky.permission.BIND_GET_INSTALL_REFERRER_SERVICE" />
17-->[com.google.android.gms:play-services-measurement:18.0.0] AndroidManifest.xml:26:5-110
17-->[com.google.android.gms:play-services-measurement:18.0.0] AndroidManifest.xml:26:22-107
18
19    <application
19-->src\main\AndroidManifest.xml:6:3-37:17
20        android:allowBackup="false"
20-->src\main\AndroidManifest.xml:7:7-34
21        android:appComponentFactory="androidx.core.app.CoreComponentFactory"
21-->[androidx.core:core:1.1.0] AndroidManifest.xml:24:18-86
22        android:debuggable="true"
23        android:icon="@mipmap/ic_launcher"
23-->src\main\AndroidManifest.xml:8:7-41
24        android:label="@string/app_name"
24-->src\main\AndroidManifest.xml:9:7-39
25        android:roundIcon="@mipmap/ic_launcher_round"
25-->src\main\AndroidManifest.xml:10:7-52
26        android:supportsRtl="true"
26-->src\main\AndroidManifest.xml:11:7-33
27        android:testOnly="true"
28        android:theme="@style/AppTheme" >
28-->src\main\AndroidManifest.xml:12:7-38
29
30        <!-- Main Activity -->
31        <activity
31-->src\main\AndroidManifest.xml:16:5-23:16
32            android:name="com.raywenderlich.android.drinkit.MainActivity"
32-->src\main\AndroidManifest.xml:17:9-37
33            android:theme="@style/SplashTheme" >
33-->src\main\AndroidManifest.xml:18:9-43
34            <intent-filter>
34-->src\main\AndroidManifest.xml:19:7-22:23
35                <action android:name="android.intent.action.MAIN" />
35-->src\main\AndroidManifest.xml:20:9-61
35-->src\main\AndroidManifest.xml:20:17-58
36
37                <category android:name="android.intent.category.LAUNCHER" />
37-->src\main\AndroidManifest.xml:21:9-69
37-->src\main\AndroidManifest.xml:21:19-66
38            </intent-filter>
39        </activity>
40
41        <!-- TODO: Add the service for firebase -->
42        <service
42-->src\main\AndroidManifest.xml:26:5-32:15
43            android:name="com.raywenderlich.android.drinkit.MyFirebaseMessagingService"
43-->src\main\AndroidManifest.xml:27:9-51
44            android:exported="false" >
44-->src\main\AndroidManifest.xml:28:9-33
45            <intent-filter>
45-->src\main\AndroidManifest.xml:29:7-31:23
46                <action android:name="com.google.firebase.MESSAGING_EVENT" />
46-->src\main\AndroidManifest.xml:30:9-70
46-->src\main\AndroidManifest.xml:30:17-67
47            </intent-filter>
48        </service>
49
50        <!-- TODO: Change the color and action of the notification -->
51
52
53        <!--
54             FirebaseMessagingService performs security checks at runtime,
55             but set to not exported to explicitly avoid allowing another app to call it.
56        -->
57        <service
57-->[com.google.firebase:firebase-messaging:21.0.1] AndroidManifest.xml:28:9-35:19
58            android:name="com.google.firebase.messaging.FirebaseMessagingService"
58-->[com.google.firebase:firebase-messaging:21.0.1] AndroidManifest.xml:29:13-82
59            android:directBootAware="true"
59-->[com.google.firebase:firebase-messaging:21.0.1] AndroidManifest.xml:30:13-43
60            android:exported="false" >
60-->[com.google.firebase:firebase-messaging:21.0.1] AndroidManifest.xml:31:13-37
61            <intent-filter android:priority="-500" >
61-->src\main\AndroidManifest.xml:29:7-31:23
62                <action android:name="com.google.firebase.MESSAGING_EVENT" />
62-->src\main\AndroidManifest.xml:30:9-70
62-->src\main\AndroidManifest.xml:30:17-67
63            </intent-filter>
64        </service>
65        <service
65-->[com.google.firebase:firebase-messaging:21.0.1] AndroidManifest.xml:36:9-42:19
66            android:name="com.google.firebase.components.ComponentDiscoveryService"
66-->[com.google.firebase:firebase-messaging:21.0.1] AndroidManifest.xml:37:13-84
67            android:directBootAware="true"
67-->[com.google.firebase:firebase-common:19.5.0] AndroidManifest.xml:35:13-43
68            android:exported="false" >
68-->[com.google.firebase:firebase-messaging:21.0.1] AndroidManifest.xml:38:13-37
69            <meta-data
69-->[com.google.firebase:firebase-messaging:21.0.1] AndroidManifest.xml:39:13-41:85
70                android:name="com.google.firebase.components:com.google.firebase.messaging.FirebaseMessagingRegistrar"
70-->[com.google.firebase:firebase-messaging:21.0.1] AndroidManifest.xml:40:17-119
71                android:value="com.google.firebase.components.ComponentRegistrar" />
71-->[com.google.firebase:firebase-messaging:21.0.1] AndroidManifest.xml:41:17-82
72            <meta-data
72-->[com.google.firebase:firebase-datatransport:17.0.10] AndroidManifest.xml:28:13-30:85
73                android:name="com.google.firebase.components:com.google.firebase.datatransport.TransportRegistrar"
73-->[com.google.firebase:firebase-datatransport:17.0.10] AndroidManifest.xml:29:17-115
74                android:value="com.google.firebase.components.ComponentRegistrar" />
74-->[com.google.firebase:firebase-datatransport:17.0.10] AndroidManifest.xml:30:17-82
75            <meta-data
75-->[com.google.firebase:firebase-iid:21.0.1] AndroidManifest.xml:32:13-34:85
76                android:name="com.google.firebase.components:com.google.firebase.iid.Registrar"
76-->[com.google.firebase:firebase-iid:21.0.1] AndroidManifest.xml:33:17-96
77                android:value="com.google.firebase.components.ComponentRegistrar" />
77-->[com.google.firebase:firebase-iid:21.0.1] AndroidManifest.xml:34:17-82
78            <meta-data
78-->[com.google.android.gms:play-services-measurement-api:18.0.0] AndroidManifest.xml:30:13-32:85
79                android:name="com.google.firebase.components:com.google.firebase.analytics.connector.internal.AnalyticsConnectorRegistrar"
79-->[com.google.android.gms:play-services-measurement-api:18.0.0] AndroidManifest.xml:31:17-139
80                android:value="com.google.firebase.components.ComponentRegistrar" />
80-->[com.google.android.gms:play-services-measurement-api:18.0.0] AndroidManifest.xml:32:17-82
81            <meta-data
81-->[com.google.firebase:firebase-installations:16.3.5] AndroidManifest.xml:18:13-20:85
82                android:name="com.google.firebase.components:com.google.firebase.installations.FirebaseInstallationsRegistrar"
82-->[com.google.firebase:firebase-installations:16.3.5] AndroidManifest.xml:19:17-127
83                android:value="com.google.firebase.components.ComponentRegistrar" />
83-->[com.google.firebase:firebase-installations:16.3.5] AndroidManifest.xml:20:17-82
84            <!--
85                This registrar is not defined in the dynamic-module-support sdk itself to allow non-firebase
86                clients to use it as well, by defining this registrar in their own core/common library.
87            -->
88            <meta-data
88-->[com.google.firebase:firebase-common:19.5.0] AndroidManifest.xml:43:13-45:85
89                android:name="com.google.firebase.components:com.google.firebase.dynamicloading.DynamicLoadingRegistrar"
89-->[com.google.firebase:firebase-common:19.5.0] AndroidManifest.xml:44:17-121
90                android:value="com.google.firebase.components.ComponentRegistrar" />
90-->[com.google.firebase:firebase-common:19.5.0] AndroidManifest.xml:45:17-82
91        </service>
92        <service
92-->[com.google.android.datatransport:transport-backend-cct:2.3.3] AndroidManifest.xml:29:9-35:19
93            android:name="com.google.android.datatransport.runtime.backends.TransportBackendDiscovery"
93-->[com.google.android.datatransport:transport-backend-cct:2.3.3] AndroidManifest.xml:30:13-103
94            android:exported="false" >
94-->[com.google.android.datatransport:transport-backend-cct:2.3.3] AndroidManifest.xml:31:13-37
95            <meta-data
95-->[com.google.android.datatransport:transport-backend-cct:2.3.3] AndroidManifest.xml:32:13-34:39
96                android:name="backend:com.google.android.datatransport.cct.CctBackendFactory"
96-->[com.google.android.datatransport:transport-backend-cct:2.3.3] AndroidManifest.xml:33:17-94
97                android:value="cct" />
97-->[com.google.android.datatransport:transport-backend-cct:2.3.3] AndroidManifest.xml:34:17-36
98        </service>
99
100        <receiver
100-->[com.google.firebase:firebase-iid:21.0.1] AndroidManifest.xml:37:9-44:20
101            android:name="com.google.firebase.iid.FirebaseInstanceIdReceiver"
101-->[com.google.firebase:firebase-iid:21.0.1] AndroidManifest.xml:38:13-78
102            android:exported="true"
102-->[com.google.firebase:firebase-iid:21.0.1] AndroidManifest.xml:39:13-36
103            android:permission="com.google.android.c2dm.permission.SEND" >
103-->[com.google.firebase:firebase-iid:21.0.1] AndroidManifest.xml:40:13-73
104            <intent-filter>
104-->[com.google.firebase:firebase-iid:21.0.1] AndroidManifest.xml:41:13-43:29
105                <action android:name="com.google.android.c2dm.intent.RECEIVE" />
105-->[com.google.firebase:firebase-iid:21.0.1] AndroidManifest.xml:42:17-81
105-->[com.google.firebase:firebase-iid:21.0.1] AndroidManifest.xml:42:25-78
106            </intent-filter>
107        </receiver>
108
109        <provider
109-->[com.google.firebase:firebase-common:19.5.0] AndroidManifest.xml:26:9-31:39
110            android:name="com.google.firebase.provider.FirebaseInitProvider"
110-->[com.google.firebase:firebase-common:19.5.0] AndroidManifest.xml:27:13-77
111            android:authorities="com.raywenderlich.android.drinkit.firebaseinitprovider"
111-->[com.google.firebase:firebase-common:19.5.0] AndroidManifest.xml:28:13-72
112            android:directBootAware="true"
112-->[com.google.firebase:firebase-common:19.5.0] AndroidManifest.xml:29:13-43
113            android:exported="false"
113-->[com.google.firebase:firebase-common:19.5.0] AndroidManifest.xml:30:13-37
114            android:initOrder="100" />
114-->[com.google.firebase:firebase-common:19.5.0] AndroidManifest.xml:31:13-36
115
116        <receiver
116-->[com.google.android.gms:play-services-measurement:18.0.0] AndroidManifest.xml:29:9-33:20
117            android:name="com.google.android.gms.measurement.AppMeasurementReceiver"
117-->[com.google.android.gms:play-services-measurement:18.0.0] AndroidManifest.xml:30:13-85
118            android:enabled="true"
118-->[com.google.android.gms:play-services-measurement:18.0.0] AndroidManifest.xml:31:13-35
119            android:exported="false" >
119-->[com.google.android.gms:play-services-measurement:18.0.0] AndroidManifest.xml:32:13-37
120        </receiver>
121
122        <service
122-->[com.google.android.gms:play-services-measurement:18.0.0] AndroidManifest.xml:35:9-38:40
123            android:name="com.google.android.gms.measurement.AppMeasurementService"
123-->[com.google.android.gms:play-services-measurement:18.0.0] AndroidManifest.xml:36:13-84
124            android:enabled="true"
124-->[com.google.android.gms:play-services-measurement:18.0.0] AndroidManifest.xml:37:13-35
125            android:exported="false" />
125-->[com.google.android.gms:play-services-measurement:18.0.0] AndroidManifest.xml:38:13-37
126        <service
126-->[com.google.android.gms:play-services-measurement:18.0.0] AndroidManifest.xml:39:9-43:72
127            android:name="com.google.android.gms.measurement.AppMeasurementJobService"
127-->[com.google.android.gms:play-services-measurement:18.0.0] AndroidManifest.xml:40:13-87
128            android:enabled="true"
128-->[com.google.android.gms:play-services-measurement:18.0.0] AndroidManifest.xml:41:13-35
129            android:exported="false"
129-->[com.google.android.gms:play-services-measurement:18.0.0] AndroidManifest.xml:42:13-37
130            android:permission="android.permission.BIND_JOB_SERVICE" />
130-->[com.google.android.gms:play-services-measurement:18.0.0] AndroidManifest.xml:43:13-69
131
132        <activity
132-->[com.google.android.gms:play-services-base:17.0.0] AndroidManifest.xml:23:9-26:75
133            android:name="com.google.android.gms.common.api.GoogleApiActivity"
133-->[com.google.android.gms:play-services-base:17.0.0] AndroidManifest.xml:24:13-79
134            android:exported="false"
134-->[com.google.android.gms:play-services-base:17.0.0] AndroidManifest.xml:25:13-37
135            android:theme="@android:style/Theme.Translucent.NoTitleBar" />
135-->[com.google.android.gms:play-services-base:17.0.0] AndroidManifest.xml:26:13-72
136
137        <meta-data
137-->[com.google.android.gms:play-services-basement:17.0.0] AndroidManifest.xml:23:9-25:69
138            android:name="com.google.android.gms.version"
138-->[com.google.android.gms:play-services-basement:17.0.0] AndroidManifest.xml:24:13-58
139            android:value="@integer/google_play_services_version" />
139-->[com.google.android.gms:play-services-basement:17.0.0] AndroidManifest.xml:25:13-66
140
141        <service
141-->[com.google.android.datatransport:transport-runtime:2.2.5] AndroidManifest.xml:26:9-30:19
142            android:name="com.google.android.datatransport.runtime.scheduling.jobscheduling.JobInfoSchedulerService"
142-->[com.google.android.datatransport:transport-runtime:2.2.5] AndroidManifest.xml:27:13-117
143            android:exported="false"
143-->[com.google.android.datatransport:transport-runtime:2.2.5] AndroidManifest.xml:28:13-37
144            android:permission="android.permission.BIND_JOB_SERVICE" >
144-->[com.google.android.datatransport:transport-runtime:2.2.5] AndroidManifest.xml:29:13-69
145        </service>
146
147        <receiver
147-->[com.google.android.datatransport:transport-runtime:2.2.5] AndroidManifest.xml:32:9-34:40
148            android:name="com.google.android.datatransport.runtime.scheduling.jobscheduling.AlarmManagerSchedulerBroadcastReceiver"
148-->[com.google.android.datatransport:transport-runtime:2.2.5] AndroidManifest.xml:33:13-132
149            android:exported="false" />
149-->[com.google.android.datatransport:transport-runtime:2.2.5] AndroidManifest.xml:34:13-37
150    </application>
151
152</manifest>